<?xml version="1.0" encoding="UTF-8"?>
<testng-results ignored="0" total="1" passed="1" failed="0" skipped="0">
  <reporter-output>
  </reporter-output>
  <suite started-at="2023-09-05T15:27:48 IST" name="Default suite" finished-at="2023-09-05T15:27:55 IST" duration-ms="7295">
    <groups>
    </groups>
    <test started-at="2023-09-05T15:27:48 IST" name="Default test" finished-at="2023-09-05T15:27:55 IST" duration-ms="7295">
      <class name="Jenkins.SeleniumJenkins.NewTest1">
        <test-method signature="f()[pri:0, instance:Jenkins.SeleniumJenkins.NewTest1@771a660]" started-at="2023-09-05T15:27:48 IST" name="f" finished-at="2023-09-05T15:27:55 IST" duration-ms="7251" status="PASS">
          <reporter-output>
          </reporter-output>
        </test-method> <!-- f -->
      </class> <!-- Jenkins.SeleniumJenkins.NewTest1 -->
    </test> <!-- Default test -->
  </suite> <!-- Default suite -->
</testng-results>
